{"date":"2022-12-07T12:43:41.653Z","method":"GET","url":"/"}
{"date":"2022-12-07T12:43:43.872Z","method":"GET","url":"/favicon.ico"}
{"date":"2022-12-07T12:46:15.159Z","method":"GET","url":"/"}
{"date":"2022-12-07T13:24:27.303Z","method":"GET","url":"/"}
{"date":"2022-12-07T13:38:29.254Z","method":"GET","url":"/"}
{"date":"2022-12-07T13:39:20.943Z","method":"GET","url":"/api/signup"}
{"date":"2022-12-07T13:41:45.344Z","method":"POST","url":"/api/signup"}
{"date":"2022-12-07T13:41:47.691Z","method":"POST","url":"/api/signup"}
{"date":"2022-12-07T13:42:09.486Z","method":"GET","url":"/api/signin"}
{"date":"2022-12-07T13:43:17.734Z","method":"POST","url":"/api/signin"}
{"date":"2022-12-07T13:47:47.663Z","method":"POST","url":"/api/signin"}
{"date":"2022-12-07T13:50:28.128Z","method":"POST","url":"/api/signin"}
{"date":"2022-12-07T13:52:16.478Z","method":"POST","url":"/api/signup"}
{"date":"2022-12-07T13:54:42.260Z","method":"POST","url":"/api/signup"}
{"date":"2022-12-07T13:56:06.752Z","method":"POST","url":"/api/signup"}
{"date":"2022-12-07T13:56:14.722Z","method":"POST","url":"/api/signin"}
{"date":"2022-12-07T13:56:19.382Z","method":"GET","url":"/api/signin"}
{"date":"2022-12-07T13:56:58.525Z","method":"POST","url":"/api/signup/"}
{"date":"2022-12-07T13:57:31.800Z","method":"POST","url":"/api/signup"}
{"date":"2022-12-07T13:57:50.358Z","method":"POST","url":"/api/signup"}
{"date":"2022-12-07T13:59:46.321Z","method":"POST","url":"/api/signup"}
{"date":"2022-12-07T13:59:47.883Z","method":"POST","url":"/api/signup"}
{"date":"2022-12-07T14:00:59.542Z","method":"POST","url":"/api/signup"}
{"date":"2022-12-07T14:02:24.426Z","method":"POST","url":"/api/signup"}
{"date":"2022-12-07T14:02:46.662Z","method":"GET","url":"/api/signup"}
{"date":"2022-12-07T14:02:58.144Z","method":"GET","url":"/api/signup"}
{"date":"2022-12-07T14:03:48.033Z","method":"POST","url":"/api/signup"}
{"date":"2022-12-07T14:04:10.414Z","method":"POST","url":"/api/signup"}
{"date":"2022-12-07T14:04:41.197Z","method":"POST","url":"/api/signin"}
{"date":"2022-12-07T14:04:43.319Z","method":"POST","url":"/api/signin"}
